[debug] [2018-07-29T15:41:58.472Z] ----------------------------------------------------------------------
[debug] [2018-07-29T15:41:58.474Z] Command:       /usr/local/bin/node /usr/local/bin/firebase serve
[debug] [2018-07-29T15:41:58.474Z] CLI Version:   4.0.0
[debug] [2018-07-29T15:41:58.475Z] Platform:      darwin
[debug] [2018-07-29T15:41:58.475Z] Node Version:  v8.9.4
[debug] [2018-07-29T15:41:58.475Z] Time:          Sun Jul 29 2018 17:41:58 GMT+0200 (EET)
[debug] [2018-07-29T15:41:58.475Z] ----------------------------------------------------------------------
[debug] 
[debug] [2018-07-29T15:41:58.487Z] > command requires scopes: ["email","openid","https://www.googleapis.com/auth/cloudplatformprojects.readonly","https://www.googleapis.com/auth/firebase","https://www.googleapis.com/auth/cloud-platform"]
[debug] [2018-07-29T15:41:58.487Z] > authorizing via signed-in user
[debug] [2018-07-29T15:41:58.489Z] >>> HTTP REQUEST GET https://admin.firebase.com/v1/projects/image-upload-6dc61  
  
 Sun Jul 29 2018 17:41:58 GMT+0200 (EET)
[debug] [2018-07-29T15:41:59.518Z] <<< HTTP RESPONSE 200
[debug] [2018-07-29T15:41:59.518Z] >>> HTTP REQUEST GET https://admin.firebase.com/v1/database/image-upload-6dc61/tokens  
  
 Sun Jul 29 2018 17:41:59 GMT+0200 (EET)
[debug] [2018-07-29T15:42:00.429Z] <<< HTTP RESPONSE 200
[debug] [2018-07-29T15:42:00.430Z] >>> HTTP REQUEST GET https://cloudresourcemanager.googleapis.com/v1/projects/image-upload-6dc61  
  
 Sun Jul 29 2018 17:42:00 GMT+0200 (EET)
[debug] [2018-07-29T15:42:01.984Z] <<< HTTP RESPONSE 200
[info] 
[info] === Serving from '/Users/hussein/AwesomeProjects/image-upload'...
[info] 
[debug] [2018-07-29T15:42:01.986Z] >>> HTTP REQUEST GET https://mobilesdk-pa.googleapis.com/v1/projects/556489519256/clients/_:getWebAppConfig  
  
 Sun Jul 29 2018 17:42:01 GMT+0200 (EET)
[debug] [2018-07-29T15:42:03.326Z] <<< HTTP RESPONSE 200
[info] i  hosting: Serving hosting files from: build
[info] ✔  hosting: Local server: http://localhost:5000

